<?xml version="1.0" encoding="UTF-8"?>
<!-- Generated by org.testng.reporters.JUnitReportReporter -->
<testsuite skipped="0" hostname="BENMA-LAP-HZ" name="sanity.SimpleTests" tests="2" failures="0" timestamp="06 נוב 2017 12:51:11 GMT" time="0.125" errors="0">
  <testcase name="simpleTest" time="0.063" classname="sanity.SimpleTests"/>
  <testcase name="simpleTest2" time="0.062" classname="sanity.SimpleTests"/>
</testsuite> <!-- sanity.SimpleTests -->
