<?xml version="1.0" encoding="UTF-8"?>
<!-- Generated by org.testng.reporters.JUnitReportReporter -->
<testsuite skipped="0" hostname="BENMA-LAP-HZ" name="sanity.DataDrivenTest" tests="7" failures="0" timestamp="06 נוב 2017 12:51:11 GMT" time="0.459" errors="0">
  <testcase name="drivenTestMethod" time="0.046" classname="sanity.DataDrivenTest"/>
  <testcase name="drivenTestMethod" time="0.078" classname="sanity.DataDrivenTest"/>
  <testcase name="drivenTestMethod" time="0.078" classname="sanity.DataDrivenTest"/>
  <testcase name="drivenTestMethod" time="0.063" classname="sanity.DataDrivenTest"/>
  <testcase name="drivenTestMethod" time="0.084" classname="sanity.DataDrivenTest"/>
  <testcase name="drivenTestMethod" time="0.063" classname="sanity.DataDrivenTest"/>
  <testcase name="drivenTestMethod" time="0.047" classname="sanity.DataDrivenTest"/>
</testsuite> <!-- sanity.DataDrivenTest -->
