<?xml version="1.0" encoding="UTF-8"?>
<!-- Generated by org.testng.reporters.JUnitReportReporter -->
<testsuite skipped="1" hostname="BENMA-LAP-HZ" name="tests.DifidoReporterTestsPart1" tests="1" failures="0" timestamp="02 נוב 2017 13:42:33 GMT" time="0.000" errors="0">
  <testcase name="simpleReportCall0" time="0.000" classname="tests.DifidoReporterTestsPart1">
    <skipped/>
  </testcase> <!-- simpleReportCall0 -->
</testsuite> <!-- tests.DifidoReporterTestsPart1 -->
