<?xml version="1.0" encoding="UTF-8"?>
<!-- Generated by org.testng.reporters.JUnitReportReporter -->
<testsuite skipped="0" hostname="BENMA-LAP-HZ" name="sanity.ExampleTest1" tests="7" failures="0" timestamp="05 נוב 2017 07:38:07 GMT" time="0.468" errors="0">
  <testcase name="dataDrivenTest" time="0.095" classname="sanity.ExampleTest1"/>
  <testcase name="dataDrivenTest" time="0.062" classname="sanity.ExampleTest1"/>
  <testcase name="dataDrivenTest" time="0.077" classname="sanity.ExampleTest1"/>
  <testcase name="dataDrivenTest" time="0.047" classname="sanity.ExampleTest1"/>
  <testcase name="dataDrivenTest" time="0.078" classname="sanity.ExampleTest1"/>
  <testcase name="dataDrivenTest" time="0.047" classname="sanity.ExampleTest1"/>
  <testcase name="dataDrivenTest" time="0.062" classname="sanity.ExampleTest1"/>
</testsuite> <!-- sanity.ExampleTest1 -->
